[2025-02-01T20:30:03.230+0000] {local_task_job_runner.py:123} INFO - ::group::Pre task execution logs
[2025-02-01T20:30:03.252+0000] {taskinstance.py:2613} INFO - Dependencies all met for dep_context=non-requeueable deps ti=<TaskInstance: yellow_taxi_ingestion.process_and_insert_to_db scheduled__2021-02-02T06:00:00+00:00 [queued]>
[2025-02-01T20:30:03.266+0000] {taskinstance.py:2613} INFO - Dependencies all met for dep_context=requeueable deps ti=<TaskInstance: yellow_taxi_ingestion.process_and_insert_to_db scheduled__2021-02-02T06:00:00+00:00 [queued]>
[2025-02-01T20:30:03.266+0000] {taskinstance.py:2866} INFO - Starting attempt 1 of 1
[2025-02-01T20:30:03.282+0000] {taskinstance.py:2889} INFO - Executing <Task(PythonOperator): process_and_insert_to_db> on 2021-02-02 06:00:00+00:00
[2025-02-01T20:30:03.291+0000] {standard_task_runner.py:72} INFO - Started process 2533 to run task
[2025-02-01T20:30:03.295+0000] {standard_task_runner.py:104} INFO - Running: ['***', 'tasks', 'run', 'yellow_taxi_ingestion', 'process_and_insert_to_db', 'scheduled__2021-02-02T06:00:00+00:00', '--job-id', '6', '--raw', '--subdir', 'DAGS_FOLDER/data_ingestion_local.py', '--cfg-path', '/tmp/tmpehdote66']
[2025-02-01T20:30:03.297+0000] {standard_task_runner.py:105} INFO - Job 6: Subtask process_and_insert_to_db
[2025-02-01T20:30:03.349+0000] {task_command.py:467} INFO - Running <TaskInstance: yellow_taxi_ingestion.process_and_insert_to_db scheduled__2021-02-02T06:00:00+00:00 [running]> on host d835a1784a00
[2025-02-01T20:30:03.461+0000] {taskinstance.py:3132} INFO - Exporting env vars: AIRFLOW_CTX_DAG_OWNER='***' AIRFLOW_CTX_DAG_ID='yellow_taxi_ingestion' AIRFLOW_CTX_TASK_ID='process_and_insert_to_db' AIRFLOW_CTX_EXECUTION_DATE='2021-02-02T06:00:00+00:00' AIRFLOW_CTX_TRY_NUMBER='1' AIRFLOW_CTX_DAG_RUN_ID='scheduled__2021-02-02T06:00:00+00:00'
[2025-02-01T20:30:03.462+0000] {taskinstance.py:731} INFO - ::endgroup::
[2025-02-01T20:30:23.620+0000] {logging_mixin.py:190} INFO - inserted another chunk
[2025-02-01T20:30:33.182+0000] {logging_mixin.py:190} INFO - inserted another chunk
[2025-02-01T20:30:42.326+0000] {logging_mixin.py:190} INFO - inserted another chunk
[2025-02-01T20:30:51.581+0000] {logging_mixin.py:190} INFO - inserted another chunk
[2025-02-01T20:31:01.017+0000] {logging_mixin.py:190} INFO - inserted another chunk
[2025-02-01T20:31:09.984+0000] {logging_mixin.py:190} INFO - inserted another chunk
[2025-02-01T20:31:19.262+0000] {logging_mixin.py:190} INFO - inserted another chunk
[2025-02-01T20:31:28.615+0000] {logging_mixin.py:190} INFO - inserted another chunk
[2025-02-01T20:31:37.694+0000] {logging_mixin.py:190} INFO - inserted another chunk
[2025-02-01T20:31:47.579+0000] {logging_mixin.py:190} INFO - inserted another chunk
[2025-02-01T20:31:57.196+0000] {logging_mixin.py:190} INFO - inserted another chunk
[2025-02-01T20:31:57.366+0000] {logging_mixin.py:190} WARNING - /opt/***/dags/data_ingestion_local.py:57 DtypeWarning: Columns (6) have mixed types. Specify dtype option on import or set low_memory=False.
[2025-02-01T20:32:06.976+0000] {logging_mixin.py:190} INFO - inserted another chunk
[2025-02-01T20:32:13.225+0000] {logging_mixin.py:190} INFO - inserted another chunk
[2025-02-01T20:32:13.226+0000] {logging_mixin.py:190} INFO - completed
[2025-02-01T20:32:13.226+0000] {python.py:240} INFO - Done. Returned value was: None
[2025-02-01T20:32:13.237+0000] {taskinstance.py:340} INFO - ::group::Post task execution logs
[2025-02-01T20:32:13.237+0000] {taskinstance.py:352} INFO - Marking task as SUCCESS. dag_id=yellow_taxi_ingestion, task_id=process_and_insert_to_db, run_id=scheduled__2021-02-02T06:00:00+00:00, execution_date=20210202T060000, start_date=20250201T203003, end_date=20250201T203213
[2025-02-01T20:32:13.317+0000] {local_task_job_runner.py:266} INFO - Task exited with return code 0
[2025-02-01T20:32:13.335+0000] {taskinstance.py:3895} INFO - 0 downstream tasks scheduled from follow-on schedule check
[2025-02-01T20:32:13.337+0000] {local_task_job_runner.py:245} INFO - ::endgroup::
