[2025-04-07T12:47:09.608+0000] {local_task_job_runner.py:123} INFO - ::group::Pre task execution logs
[2025-04-07T12:47:09.628+0000] {taskinstance.py:2613} INFO - Dependencies all met for dep_context=non-requeueable deps ti=<TaskInstance: yellow_taxi_ingestion.download_and_unzip scheduled__2021-03-02T06:00:00+00:00 [queued]>
[2025-04-07T12:47:09.642+0000] {taskinstance.py:2613} INFO - Dependencies all met for dep_context=requeueable deps ti=<TaskInstance: yellow_taxi_ingestion.download_and_unzip scheduled__2021-03-02T06:00:00+00:00 [queued]>
[2025-04-07T12:47:09.642+0000] {taskinstance.py:2866} INFO - Starting attempt 1 of 1
[2025-04-07T12:47:09.660+0000] {taskinstance.py:2889} INFO - Executing <Task(PythonOperator): download_and_unzip> on 2021-03-02 06:00:00+00:00
[2025-04-07T12:47:09.666+0000] {standard_task_runner.py:72} INFO - Started process 278 to run task
[2025-04-07T12:47:09.670+0000] {standard_task_runner.py:104} INFO - Running: ['***', 'tasks', 'run', 'yellow_taxi_ingestion', 'download_and_unzip', 'scheduled__2021-03-02T06:00:00+00:00', '--job-id', '7', '--raw', '--subdir', 'DAGS_FOLDER/data_ingestion_local.py', '--cfg-path', '/tmp/tmp0sq9gpu8']
[2025-04-07T12:47:09.672+0000] {standard_task_runner.py:105} INFO - Job 7: Subtask download_and_unzip
[2025-04-07T12:47:09.725+0000] {task_command.py:467} INFO - Running <TaskInstance: yellow_taxi_ingestion.download_and_unzip scheduled__2021-03-02T06:00:00+00:00 [running]> on host 892e3049a030
[2025-04-07T12:47:09.820+0000] {taskinstance.py:3132} INFO - Exporting env vars: AIRFLOW_CTX_DAG_OWNER='***' AIRFLOW_CTX_DAG_ID='yellow_taxi_ingestion' AIRFLOW_CTX_TASK_ID='download_and_unzip' AIRFLOW_CTX_EXECUTION_DATE='2021-03-02T06:00:00+00:00' AIRFLOW_CTX_TRY_NUMBER='1' AIRFLOW_CTX_DAG_RUN_ID='scheduled__2021-03-02T06:00:00+00:00'
[2025-04-07T12:47:09.821+0000] {taskinstance.py:731} INFO - ::endgroup::
[2025-04-07T12:47:14.345+0000] {python.py:240} INFO - Done. Returned value was: True
[2025-04-07T12:47:14.372+0000] {taskinstance.py:340} INFO - ::group::Post task execution logs
[2025-04-07T12:47:14.372+0000] {taskinstance.py:352} INFO - Marking task as SUCCESS. dag_id=yellow_taxi_ingestion, task_id=download_and_unzip, run_id=scheduled__2021-03-02T06:00:00+00:00, execution_date=20210302T060000, start_date=20250407T124709, end_date=20250407T124714
[2025-04-07T12:47:14.417+0000] {local_task_job_runner.py:266} INFO - Task exited with return code 0
[2025-04-07T12:47:14.441+0000] {taskinstance.py:3895} INFO - 1 downstream tasks scheduled from follow-on schedule check
[2025-04-07T12:47:14.443+0000] {local_task_job_runner.py:245} INFO - ::endgroup::
[2025-04-07T12:58:29.249+0000] {local_task_job_runner.py:123} INFO - ::group::Pre task execution logs
[2025-04-07T12:58:29.270+0000] {taskinstance.py:2613} INFO - Dependencies all met for dep_context=non-requeueable deps ti=<TaskInstance: yellow_taxi_ingestion.download_and_unzip scheduled__2021-03-02T06:00:00+00:00 [queued]>
[2025-04-07T12:58:29.284+0000] {taskinstance.py:2613} INFO - Dependencies all met for dep_context=requeueable deps ti=<TaskInstance: yellow_taxi_ingestion.download_and_unzip scheduled__2021-03-02T06:00:00+00:00 [queued]>
[2025-04-07T12:58:29.284+0000] {taskinstance.py:2866} INFO - Starting attempt 1 of 1
[2025-04-07T12:58:29.304+0000] {taskinstance.py:2889} INFO - Executing <Task(PythonOperator): download_and_unzip> on 2021-03-02 06:00:00+00:00
[2025-04-07T12:58:29.312+0000] {standard_task_runner.py:72} INFO - Started process 351 to run task
[2025-04-07T12:58:29.316+0000] {standard_task_runner.py:104} INFO - Running: ['***', 'tasks', 'run', 'yellow_taxi_ingestion', 'download_and_unzip', 'scheduled__2021-03-02T06:00:00+00:00', '--job-id', '12', '--raw', '--subdir', 'DAGS_FOLDER/data_ingestion_local.py', '--cfg-path', '/tmp/tmppkylehje']
[2025-04-07T12:58:29.319+0000] {standard_task_runner.py:105} INFO - Job 12: Subtask download_and_unzip
[2025-04-07T12:58:29.373+0000] {task_command.py:467} INFO - Running <TaskInstance: yellow_taxi_ingestion.download_and_unzip scheduled__2021-03-02T06:00:00+00:00 [running]> on host ca240955ca52
[2025-04-07T12:58:29.478+0000] {taskinstance.py:3132} INFO - Exporting env vars: AIRFLOW_CTX_DAG_OWNER='***' AIRFLOW_CTX_DAG_ID='yellow_taxi_ingestion' AIRFLOW_CTX_TASK_ID='download_and_unzip' AIRFLOW_CTX_EXECUTION_DATE='2021-03-02T06:00:00+00:00' AIRFLOW_CTX_TRY_NUMBER='1' AIRFLOW_CTX_DAG_RUN_ID='scheduled__2021-03-02T06:00:00+00:00'
[2025-04-07T12:58:29.480+0000] {taskinstance.py:731} INFO - ::endgroup::
[2025-04-07T12:58:33.659+0000] {python.py:240} INFO - Done. Returned value was: True
[2025-04-07T12:58:33.692+0000] {taskinstance.py:340} INFO - ::group::Post task execution logs
[2025-04-07T12:58:33.693+0000] {taskinstance.py:352} INFO - Marking task as SUCCESS. dag_id=yellow_taxi_ingestion, task_id=download_and_unzip, run_id=scheduled__2021-03-02T06:00:00+00:00, execution_date=20210302T060000, start_date=20250407T125829, end_date=20250407T125833
[2025-04-07T12:58:33.730+0000] {local_task_job_runner.py:266} INFO - Task exited with return code 0
[2025-04-07T12:58:33.754+0000] {taskinstance.py:3895} INFO - 1 downstream tasks scheduled from follow-on schedule check
[2025-04-07T12:58:33.757+0000] {local_task_job_runner.py:245} INFO - ::endgroup::
