[2025-04-07T12:46:52.468+0000] {local_task_job_runner.py:123} INFO - ::group::Pre task execution logs
[2025-04-07T12:46:52.503+0000] {taskinstance.py:2613} INFO - Dependencies all met for dep_context=non-requeueable deps ti=<TaskInstance: yellow_taxi_ingestion.download_and_unzip scheduled__2021-02-02T06:00:00+00:00 [queued]>
[2025-04-07T12:46:52.524+0000] {taskinstance.py:2613} INFO - Dependencies all met for dep_context=requeueable deps ti=<TaskInstance: yellow_taxi_ingestion.download_and_unzip scheduled__2021-02-02T06:00:00+00:00 [queued]>
[2025-04-07T12:46:52.525+0000] {taskinstance.py:2866} INFO - Starting attempt 1 of 1
[2025-04-07T12:46:52.560+0000] {taskinstance.py:2889} INFO - Executing <Task(PythonOperator): download_and_unzip> on 2021-02-02 06:00:00+00:00
[2025-04-07T12:46:52.570+0000] {standard_task_runner.py:72} INFO - Started process 270 to run task
[2025-04-07T12:46:52.575+0000] {standard_task_runner.py:104} INFO - Running: ['***', 'tasks', 'run', 'yellow_taxi_ingestion', 'download_and_unzip', 'scheduled__2021-02-02T06:00:00+00:00', '--job-id', '5', '--raw', '--subdir', 'DAGS_FOLDER/data_ingestion_local.py', '--cfg-path', '/tmp/tmp58nb49e2']
[2025-04-07T12:46:52.578+0000] {standard_task_runner.py:105} INFO - Job 5: Subtask download_and_unzip
[2025-04-07T12:46:52.674+0000] {task_command.py:467} INFO - Running <TaskInstance: yellow_taxi_ingestion.download_and_unzip scheduled__2021-02-02T06:00:00+00:00 [running]> on host 892e3049a030
[2025-04-07T12:46:52.851+0000] {taskinstance.py:3132} INFO - Exporting env vars: AIRFLOW_CTX_DAG_OWNER='***' AIRFLOW_CTX_DAG_ID='yellow_taxi_ingestion' AIRFLOW_CTX_TASK_ID='download_and_unzip' AIRFLOW_CTX_EXECUTION_DATE='2021-02-02T06:00:00+00:00' AIRFLOW_CTX_TRY_NUMBER='1' AIRFLOW_CTX_DAG_RUN_ID='scheduled__2021-02-02T06:00:00+00:00'
[2025-04-07T12:46:52.853+0000] {taskinstance.py:731} INFO - ::endgroup::
[2025-04-07T12:46:56.972+0000] {python.py:240} INFO - Done. Returned value was: True
[2025-04-07T12:46:57.006+0000] {taskinstance.py:340} INFO - ::group::Post task execution logs
[2025-04-07T12:46:57.007+0000] {taskinstance.py:352} INFO - Marking task as SUCCESS. dag_id=yellow_taxi_ingestion, task_id=download_and_unzip, run_id=scheduled__2021-02-02T06:00:00+00:00, execution_date=20210202T060000, start_date=20250407T124652, end_date=20250407T124657
[2025-04-07T12:46:57.060+0000] {local_task_job_runner.py:266} INFO - Task exited with return code 0
[2025-04-07T12:46:57.086+0000] {taskinstance.py:3895} INFO - 1 downstream tasks scheduled from follow-on schedule check
[2025-04-07T12:46:57.089+0000] {local_task_job_runner.py:245} INFO - ::endgroup::
[2025-04-07T12:56:11.684+0000] {local_task_job_runner.py:123} INFO - ::group::Pre task execution logs
[2025-04-07T12:56:11.713+0000] {taskinstance.py:2613} INFO - Dependencies all met for dep_context=non-requeueable deps ti=<TaskInstance: yellow_taxi_ingestion.download_and_unzip scheduled__2021-02-02T06:00:00+00:00 [queued]>
[2025-04-07T12:56:11.734+0000] {taskinstance.py:2613} INFO - Dependencies all met for dep_context=requeueable deps ti=<TaskInstance: yellow_taxi_ingestion.download_and_unzip scheduled__2021-02-02T06:00:00+00:00 [queued]>
[2025-04-07T12:56:11.735+0000] {taskinstance.py:2866} INFO - Starting attempt 1 of 1
[2025-04-07T12:56:11.763+0000] {taskinstance.py:2889} INFO - Executing <Task(PythonOperator): download_and_unzip> on 2021-02-02 06:00:00+00:00
[2025-04-07T12:56:11.776+0000] {standard_task_runner.py:72} INFO - Started process 263 to run task
[2025-04-07T12:56:11.780+0000] {standard_task_runner.py:104} INFO - Running: ['***', 'tasks', 'run', 'yellow_taxi_ingestion', 'download_and_unzip', 'scheduled__2021-02-02T06:00:00+00:00', '--job-id', '10', '--raw', '--subdir', 'DAGS_FOLDER/data_ingestion_local.py', '--cfg-path', '/tmp/tmpg4og94sg']
[2025-04-07T12:56:11.784+0000] {standard_task_runner.py:105} INFO - Job 10: Subtask download_and_unzip
[2025-04-07T12:56:11.848+0000] {task_command.py:467} INFO - Running <TaskInstance: yellow_taxi_ingestion.download_and_unzip scheduled__2021-02-02T06:00:00+00:00 [running]> on host ca240955ca52
[2025-04-07T12:56:11.954+0000] {taskinstance.py:3132} INFO - Exporting env vars: AIRFLOW_CTX_DAG_OWNER='***' AIRFLOW_CTX_DAG_ID='yellow_taxi_ingestion' AIRFLOW_CTX_TASK_ID='download_and_unzip' AIRFLOW_CTX_EXECUTION_DATE='2021-02-02T06:00:00+00:00' AIRFLOW_CTX_TRY_NUMBER='1' AIRFLOW_CTX_DAG_RUN_ID='scheduled__2021-02-02T06:00:00+00:00'
[2025-04-07T12:56:11.956+0000] {taskinstance.py:731} INFO - ::endgroup::
[2025-04-07T12:56:15.326+0000] {python.py:240} INFO - Done. Returned value was: True
[2025-04-07T12:56:15.357+0000] {taskinstance.py:340} INFO - ::group::Post task execution logs
[2025-04-07T12:56:15.358+0000] {taskinstance.py:352} INFO - Marking task as SUCCESS. dag_id=yellow_taxi_ingestion, task_id=download_and_unzip, run_id=scheduled__2021-02-02T06:00:00+00:00, execution_date=20210202T060000, start_date=20250407T125611, end_date=20250407T125615
[2025-04-07T12:56:15.391+0000] {local_task_job_runner.py:266} INFO - Task exited with return code 0
[2025-04-07T12:56:15.423+0000] {taskinstance.py:3895} INFO - 1 downstream tasks scheduled from follow-on schedule check
[2025-04-07T12:56:15.426+0000] {local_task_job_runner.py:245} INFO - ::endgroup::
