[2025-04-07T19:51:32.963+0000] {local_task_job_runner.py:123} INFO - ::group::Pre task execution logs
[2025-04-07T19:51:32.990+0000] {taskinstance.py:2613} INFO - Dependencies all met for dep_context=non-requeueable deps ti=<TaskInstance: GCP_ingestion_green.upload_to_gcs scheduled__2019-11-02T06:00:00+00:00 [queued]>
[2025-04-07T19:51:33.005+0000] {taskinstance.py:2613} INFO - Dependencies all met for dep_context=requeueable deps ti=<TaskInstance: GCP_ingestion_green.upload_to_gcs scheduled__2019-11-02T06:00:00+00:00 [queued]>
[2025-04-07T19:51:33.006+0000] {taskinstance.py:2866} INFO - Starting attempt 1 of 11
[2025-04-07T19:51:33.030+0000] {taskinstance.py:2889} INFO - Executing <Task(PythonOperator): upload_to_gcs> on 2019-11-02 06:00:00+00:00
[2025-04-07T19:51:33.044+0000] {standard_task_runner.py:72} INFO - Started process 2735 to run task
[2025-04-07T19:51:33.048+0000] {standard_task_runner.py:104} INFO - Running: ['***', 'tasks', 'run', 'GCP_ingestion_green', 'upload_to_gcs', 'scheduled__2019-11-02T06:00:00+00:00', '--job-id', '133', '--raw', '--subdir', 'DAGS_FOLDER/data_ingestion_gcp_green.py', '--cfg-path', '/tmp/tmp8yp0jvjt']
[2025-04-07T19:51:33.052+0000] {standard_task_runner.py:105} INFO - Job 133: Subtask upload_to_gcs
[2025-04-07T19:51:33.123+0000] {task_command.py:467} INFO - Running <TaskInstance: GCP_ingestion_green.upload_to_gcs scheduled__2019-11-02T06:00:00+00:00 [running]> on host ca240955ca52
[2025-04-07T19:51:33.441+0000] {taskinstance.py:3132} INFO - Exporting env vars: AIRFLOW_CTX_DAG_OWNER='***' AIRFLOW_CTX_DAG_ID='GCP_ingestion_green' AIRFLOW_CTX_TASK_ID='upload_to_gcs' AIRFLOW_CTX_EXECUTION_DATE='2019-11-02T06:00:00+00:00' AIRFLOW_CTX_TRY_NUMBER='1' AIRFLOW_CTX_DAG_RUN_ID='scheduled__2019-11-02T06:00:00+00:00'
[2025-04-07T19:51:33.442+0000] {taskinstance.py:731} INFO - ::endgroup::
[2025-04-07T19:51:33.468+0000] {connection.py:277} WARNING - Connection schemes (type: google_cloud_platform) shall not contain '_' according to RFC3986.
[2025-04-07T19:51:33.474+0000] {base.py:84} INFO - Retrieving connection 'gcp-***'
[2025-04-07T19:51:36.302+0000] {gcs.py:560} INFO - File /opt/***/output_2019_11.parquet uploaded to raw/output_2019_11.parquet in zoomcamp-data-lake-jivago-2025 bucket
[2025-04-07T19:51:36.303+0000] {python.py:240} INFO - Done. Returned value was: None
[2025-04-07T19:51:36.319+0000] {taskinstance.py:340} INFO - ::group::Post task execution logs
[2025-04-07T19:51:36.320+0000] {taskinstance.py:352} INFO - Marking task as SUCCESS. dag_id=GCP_ingestion_green, task_id=upload_to_gcs, run_id=scheduled__2019-11-02T06:00:00+00:00, execution_date=20191102T060000, start_date=20250407T195132, end_date=20250407T195136
[2025-04-07T19:51:36.372+0000] {local_task_job_runner.py:266} INFO - Task exited with return code 0
[2025-04-07T19:51:36.411+0000] {taskinstance.py:3895} INFO - 1 downstream tasks scheduled from follow-on schedule check
[2025-04-07T19:51:36.413+0000] {local_task_job_runner.py:245} INFO - ::endgroup::
