[2025-04-07T19:49:26.927+0000] {local_task_job_runner.py:123} INFO - ::group::Pre task execution logs
[2025-04-07T19:49:26.949+0000] {taskinstance.py:2613} INFO - Dependencies all met for dep_context=non-requeueable deps ti=<TaskInstance: GCP_ingestion_green.cleanup_files scheduled__2019-07-02T06:00:00+00:00 [queued]>
[2025-04-07T19:49:26.963+0000] {taskinstance.py:2613} INFO - Dependencies all met for dep_context=requeueable deps ti=<TaskInstance: GCP_ingestion_green.cleanup_files scheduled__2019-07-02T06:00:00+00:00 [queued]>
[2025-04-07T19:49:26.963+0000] {taskinstance.py:2866} INFO - Starting attempt 1 of 1
[2025-04-07T19:49:26.984+0000] {taskinstance.py:2889} INFO - Executing <Task(BashOperator): cleanup_files> on 2019-07-02 06:00:00+00:00
[2025-04-07T19:49:26.995+0000] {standard_task_runner.py:72} INFO - Started process 2498 to run task
[2025-04-07T19:49:26.998+0000] {standard_task_runner.py:104} INFO - Running: ['***', 'tasks', 'run', 'GCP_ingestion_green', 'cleanup_files', 'scheduled__2019-07-02T06:00:00+00:00', '--job-id', '106', '--raw', '--subdir', 'DAGS_FOLDER/data_ingestion_gcp_green.py', '--cfg-path', '/tmp/tmpkhfbww7j']
[2025-04-07T19:49:27.001+0000] {standard_task_runner.py:105} INFO - Job 106: Subtask cleanup_files
[2025-04-07T19:49:27.077+0000] {task_command.py:467} INFO - Running <TaskInstance: GCP_ingestion_green.cleanup_files scheduled__2019-07-02T06:00:00+00:00 [running]> on host ca240955ca52
[2025-04-07T19:49:27.450+0000] {taskinstance.py:3132} INFO - Exporting env vars: AIRFLOW_CTX_DAG_OWNER='***' AIRFLOW_CTX_DAG_ID='GCP_ingestion_green' AIRFLOW_CTX_TASK_ID='cleanup_files' AIRFLOW_CTX_EXECUTION_DATE='2019-07-02T06:00:00+00:00' AIRFLOW_CTX_TRY_NUMBER='1' AIRFLOW_CTX_DAG_RUN_ID='scheduled__2019-07-02T06:00:00+00:00'
[2025-04-07T19:49:27.451+0000] {taskinstance.py:731} INFO - ::endgroup::
[2025-04-07T19:49:27.468+0000] {subprocess.py:78} INFO - Tmp dir root location: /tmp
[2025-04-07T19:49:27.470+0000] {subprocess.py:88} INFO - Running command: ['/usr/bin/bash', '-c', 'rm -f /opt/***/output_2019_07.csv.gz /opt/***/output_2019_07.csv /opt/***/output_2019_07.parquet']
[2025-04-07T19:49:27.505+0000] {subprocess.py:99} INFO - Output:
[2025-04-07T19:49:27.542+0000] {subprocess.py:110} INFO - Command exited with return code 0
[2025-04-07T19:49:27.580+0000] {taskinstance.py:340} INFO - ::group::Post task execution logs
[2025-04-07T19:49:27.582+0000] {taskinstance.py:352} INFO - Marking task as SUCCESS. dag_id=GCP_ingestion_green, task_id=cleanup_files, run_id=scheduled__2019-07-02T06:00:00+00:00, execution_date=20190702T060000, start_date=20250407T194926, end_date=20250407T194927
[2025-04-07T19:49:27.660+0000] {local_task_job_runner.py:266} INFO - Task exited with return code 0
[2025-04-07T19:49:27.683+0000] {taskinstance.py:3895} INFO - 0 downstream tasks scheduled from follow-on schedule check
[2025-04-07T19:49:27.686+0000] {local_task_job_runner.py:245} INFO - ::endgroup::
