[2025-04-07T19:46:33.245+0000] {local_task_job_runner.py:123} INFO - ::group::Pre task execution logs
[2025-04-07T19:46:33.267+0000] {taskinstance.py:2613} INFO - Dependencies all met for dep_context=non-requeueable deps ti=<TaskInstance: GCP_ingestion_green.create_temp_table scheduled__2019-03-02T06:00:00+00:00 [queued]>
[2025-04-07T19:46:33.280+0000] {taskinstance.py:2613} INFO - Dependencies all met for dep_context=requeueable deps ti=<TaskInstance: GCP_ingestion_green.create_temp_table scheduled__2019-03-02T06:00:00+00:00 [queued]>
[2025-04-07T19:46:33.281+0000] {taskinstance.py:2866} INFO - Starting attempt 1 of 4
[2025-04-07T19:46:33.304+0000] {taskinstance.py:2889} INFO - Executing <Task(BigQueryInsertJobOperator): create_temp_table> on 2019-03-02 06:00:00+00:00
[2025-04-07T19:46:33.315+0000] {standard_task_runner.py:72} INFO - Started process 2212 to run task
[2025-04-07T19:46:33.320+0000] {standard_task_runner.py:104} INFO - Running: ['***', 'tasks', 'run', 'GCP_ingestion_green', 'create_temp_table', 'scheduled__2019-03-02T06:00:00+00:00', '--job-id', '72', '--raw', '--subdir', 'DAGS_FOLDER/data_ingestion_gcp_green.py', '--cfg-path', '/tmp/tmp4o410civ']
[2025-04-07T19:46:33.322+0000] {standard_task_runner.py:105} INFO - Job 72: Subtask create_temp_table
[2025-04-07T19:46:33.403+0000] {task_command.py:467} INFO - Running <TaskInstance: GCP_ingestion_green.create_temp_table scheduled__2019-03-02T06:00:00+00:00 [running]> on host ca240955ca52
[2025-04-07T19:46:33.748+0000] {taskinstance.py:3132} INFO - Exporting env vars: AIRFLOW_CTX_DAG_OWNER='***' AIRFLOW_CTX_DAG_ID='GCP_ingestion_green' AIRFLOW_CTX_TASK_ID='create_temp_table' AIRFLOW_CTX_EXECUTION_DATE='2019-03-02T06:00:00+00:00' AIRFLOW_CTX_TRY_NUMBER='1' AIRFLOW_CTX_DAG_RUN_ID='scheduled__2019-03-02T06:00:00+00:00'
[2025-04-07T19:46:33.750+0000] {taskinstance.py:731} INFO - ::endgroup::
[2025-04-07T19:46:33.777+0000] {connection.py:277} WARNING - Connection schemes (type: google_cloud_platform) shall not contain '_' according to RFC3986.
[2025-04-07T19:46:33.784+0000] {base.py:84} INFO - Retrieving connection 'gcp-***'
[2025-04-07T19:46:33.830+0000] {bigquery.py:2959} INFO - Executing: {'query': {'query': '\n                CREATE OR REPLACE TABLE `zoomcamp-***-456109.ny_taxi_data.green_taxi_2019_03_tmp`\n                AS\n                SELECT\n                    MD5(CONCAT(\n                        COALESCE(CAST(VendorID AS STRING), ""),\n                        COALESCE(CAST(lpep_pickup_datetime AS STRING), ""),\n                        COALESCE(CAST(lpep_dropoff_datetime AS STRING), ""),\n                        COALESCE(CAST(PULocationID AS STRING), ""),\n                        COALESCE(CAST(DOLocationID AS STRING), "")\n                    )) AS unique_row_id,\n                    "output_2019_03.parquet" AS filename,\n                    *\n                FROM `zoomcamp-***-456109.ny_taxi_data.green_taxi_2019_03_ext`;\n            ', 'useLegacySql': False}}'
[2025-04-07T19:46:33.831+0000] {bigquery.py:1699} INFO - Inserting job ***_GCP_ingestion_green_create_temp_table_2019_03_02T06_00_00_00_00_36b451f06cf7994076bf602e68e47e0b
[2025-04-07T19:46:41.148+0000] {taskinstance.py:340} INFO - ::group::Post task execution logs
[2025-04-07T19:46:41.150+0000] {taskinstance.py:352} INFO - Marking task as SUCCESS. dag_id=GCP_ingestion_green, task_id=create_temp_table, run_id=scheduled__2019-03-02T06:00:00+00:00, execution_date=20190302T060000, start_date=20250407T194633, end_date=20250407T194641
[2025-04-07T19:46:41.261+0000] {local_task_job_runner.py:266} INFO - Task exited with return code 0
[2025-04-07T19:46:41.315+0000] {taskinstance.py:3895} INFO - 1 downstream tasks scheduled from follow-on schedule check
[2025-04-07T19:46:41.319+0000] {local_task_job_runner.py:245} INFO - ::endgroup::
