[2025-04-07T19:49:44.947+0000] {local_task_job_runner.py:123} INFO - ::group::Pre task execution logs
[2025-04-07T19:49:44.971+0000] {taskinstance.py:2613} INFO - Dependencies all met for dep_context=non-requeueable deps ti=<TaskInstance: GCP_ingestion_green.create_external_table scheduled__2019-08-02T06:00:00+00:00 [queued]>
[2025-04-07T19:49:44.987+0000] {taskinstance.py:2613} INFO - Dependencies all met for dep_context=requeueable deps ti=<TaskInstance: GCP_ingestion_green.create_external_table scheduled__2019-08-02T06:00:00+00:00 [queued]>
[2025-04-07T19:49:44.988+0000] {taskinstance.py:2866} INFO - Starting attempt 1 of 4
[2025-04-07T19:49:45.005+0000] {taskinstance.py:2889} INFO - Executing <Task(BigQueryInsertJobOperator): create_external_table> on 2019-08-02 06:00:00+00:00
[2025-04-07T19:49:45.015+0000] {standard_task_runner.py:72} INFO - Started process 2544 to run task
[2025-04-07T19:49:45.019+0000] {standard_task_runner.py:104} INFO - Running: ['***', 'tasks', 'run', 'GCP_ingestion_green', 'create_external_table', 'scheduled__2019-08-02T06:00:00+00:00', '--job-id', '111', '--raw', '--subdir', 'DAGS_FOLDER/data_ingestion_gcp_green.py', '--cfg-path', '/tmp/tmppp0w2__d']
[2025-04-07T19:49:45.022+0000] {standard_task_runner.py:105} INFO - Job 111: Subtask create_external_table
[2025-04-07T19:49:45.096+0000] {task_command.py:467} INFO - Running <TaskInstance: GCP_ingestion_green.create_external_table scheduled__2019-08-02T06:00:00+00:00 [running]> on host ca240955ca52
[2025-04-07T19:49:45.411+0000] {taskinstance.py:3132} INFO - Exporting env vars: AIRFLOW_CTX_DAG_OWNER='***' AIRFLOW_CTX_DAG_ID='GCP_ingestion_green' AIRFLOW_CTX_TASK_ID='create_external_table' AIRFLOW_CTX_EXECUTION_DATE='2019-08-02T06:00:00+00:00' AIRFLOW_CTX_TRY_NUMBER='1' AIRFLOW_CTX_DAG_RUN_ID='scheduled__2019-08-02T06:00:00+00:00'
[2025-04-07T19:49:45.413+0000] {taskinstance.py:731} INFO - ::endgroup::
[2025-04-07T19:49:45.440+0000] {connection.py:277} WARNING - Connection schemes (type: google_cloud_platform) shall not contain '_' according to RFC3986.
[2025-04-07T19:49:45.447+0000] {base.py:84} INFO - Retrieving connection 'gcp-***'
[2025-04-07T19:49:45.498+0000] {bigquery.py:2959} INFO - Executing: {'query': {'query': "\n                CREATE OR REPLACE EXTERNAL TABLE `zoomcamp-***-456109.ny_taxi_data.green_taxi_2019_08_ext`\n                (\n                    VendorID INT64,\n                    lpep_pickup_datetime TIMESTAMP,\n                    lpep_dropoff_datetime TIMESTAMP,\n                    store_and_fwd_flag STRING,\n                    RatecodeID INT64,\n                    PULocationID INT64,\n                    DOLocationID INT64,\n                    passenger_count INT64,\n                    trip_distance FLOAT64,\n                    fare_amount FLOAT64,\n                    extra FLOAT64,\n                    mta_tax FLOAT64,\n                    tip_amount FLOAT64,\n                    tolls_amount FLOAT64,\n                    ehail_fee FLOAT64,\n                    improvement_surcharge FLOAT64,\n                    total_amount FLOAT64,\n                    payment_type INT64,\n                    trip_type INT64,\n                    congestion_surcharge FLOAT64\n                )\n                OPTIONS (\n                    uris = ['gs://zoomcamp-data-lake-jivago-2025/raw/output_2019_08.parquet'],\n                    format = 'PARQUET'\n                );\n            ", 'useLegacySql': False}}'
[2025-04-07T19:49:45.500+0000] {bigquery.py:1699} INFO - Inserting job ***_GCP_ingestion_green_create_external_table_2019_08_02T06_00_00_00_00_9a8b34e70e74f7c2be988c1144fb5e61
[2025-04-07T19:49:46.476+0000] {taskinstance.py:340} INFO - ::group::Post task execution logs
[2025-04-07T19:49:46.476+0000] {taskinstance.py:352} INFO - Marking task as SUCCESS. dag_id=GCP_ingestion_green, task_id=create_external_table, run_id=scheduled__2019-08-02T06:00:00+00:00, execution_date=20190802T060000, start_date=20250407T194944, end_date=20250407T194946
[2025-04-07T19:49:46.540+0000] {local_task_job_runner.py:266} INFO - Task exited with return code 0
[2025-04-07T19:49:46.579+0000] {taskinstance.py:3895} INFO - 1 downstream tasks scheduled from follow-on schedule check
[2025-04-07T19:49:46.582+0000] {local_task_job_runner.py:245} INFO - ::endgroup::
