[2025-02-01T20:27:32.311+0000] {local_task_job_runner.py:123} INFO - ::group::Pre task execution logs
[2025-02-01T20:27:32.339+0000] {taskinstance.py:2613} INFO - Dependencies all met for dep_context=non-requeueable deps ti=<TaskInstance: yellow_taxi_ingestion.process_and_insert_to_db scheduled__2021-01-02T06:00:00+00:00 [queued]>
[2025-02-01T20:27:32.354+0000] {taskinstance.py:2613} INFO - Dependencies all met for dep_context=requeueable deps ti=<TaskInstance: yellow_taxi_ingestion.process_and_insert_to_db scheduled__2021-01-02T06:00:00+00:00 [queued]>
[2025-02-01T20:27:32.355+0000] {taskinstance.py:2866} INFO - Starting attempt 1 of 1
[2025-02-01T20:27:32.375+0000] {taskinstance.py:2889} INFO - Executing <Task(PythonOperator): process_and_insert_to_db> on 2021-01-02 06:00:00+00:00
[2025-02-01T20:27:32.383+0000] {standard_task_runner.py:72} INFO - Started process 2450 to run task
[2025-02-01T20:27:32.388+0000] {standard_task_runner.py:104} INFO - Running: ['***', 'tasks', 'run', 'yellow_taxi_ingestion', 'process_and_insert_to_db', 'scheduled__2021-01-02T06:00:00+00:00', '--job-id', '4', '--raw', '--subdir', 'DAGS_FOLDER/data_ingestion_local.py', '--cfg-path', '/tmp/tmp9i5vplx_']
[2025-02-01T20:27:32.390+0000] {standard_task_runner.py:105} INFO - Job 4: Subtask process_and_insert_to_db
[2025-02-01T20:27:32.462+0000] {task_command.py:467} INFO - Running <TaskInstance: yellow_taxi_ingestion.process_and_insert_to_db scheduled__2021-01-02T06:00:00+00:00 [running]> on host d835a1784a00
[2025-02-01T20:27:32.605+0000] {taskinstance.py:3132} INFO - Exporting env vars: AIRFLOW_CTX_DAG_OWNER='***' AIRFLOW_CTX_DAG_ID='yellow_taxi_ingestion' AIRFLOW_CTX_TASK_ID='process_and_insert_to_db' AIRFLOW_CTX_EXECUTION_DATE='2021-01-02T06:00:00+00:00' AIRFLOW_CTX_TRY_NUMBER='1' AIRFLOW_CTX_DAG_RUN_ID='scheduled__2021-01-02T06:00:00+00:00'
[2025-02-01T20:27:32.609+0000] {taskinstance.py:731} INFO - ::endgroup::
[2025-02-01T20:27:58.704+0000] {logging_mixin.py:190} INFO - inserted another chunk
[2025-02-01T20:28:08.901+0000] {logging_mixin.py:190} INFO - inserted another chunk
[2025-02-01T20:28:19.209+0000] {logging_mixin.py:190} INFO - inserted another chunk
[2025-02-01T20:28:28.868+0000] {logging_mixin.py:190} INFO - inserted another chunk
[2025-02-01T20:28:38.524+0000] {logging_mixin.py:190} INFO - inserted another chunk
[2025-02-01T20:28:48.377+0000] {logging_mixin.py:190} INFO - inserted another chunk
[2025-02-01T20:28:58.247+0000] {logging_mixin.py:190} INFO - inserted another chunk
[2025-02-01T20:29:07.435+0000] {logging_mixin.py:190} INFO - inserted another chunk
[2025-02-01T20:29:17.294+0000] {logging_mixin.py:190} INFO - inserted another chunk
[2025-02-01T20:29:26.988+0000] {logging_mixin.py:190} INFO - inserted another chunk
[2025-02-01T20:29:36.226+0000] {logging_mixin.py:190} INFO - inserted another chunk
[2025-02-01T20:29:36.394+0000] {logging_mixin.py:190} WARNING - /opt/***/dags/data_ingestion_local.py:57 DtypeWarning: Columns (6) have mixed types. Specify dtype option on import or set low_memory=False.
[2025-02-01T20:29:45.618+0000] {logging_mixin.py:190} INFO - inserted another chunk
[2025-02-01T20:29:51.558+0000] {logging_mixin.py:190} INFO - inserted another chunk
[2025-02-01T20:29:51.559+0000] {logging_mixin.py:190} INFO - completed
[2025-02-01T20:29:51.560+0000] {python.py:240} INFO - Done. Returned value was: None
[2025-02-01T20:29:51.571+0000] {taskinstance.py:340} INFO - ::group::Post task execution logs
[2025-02-01T20:29:51.571+0000] {taskinstance.py:352} INFO - Marking task as SUCCESS. dag_id=yellow_taxi_ingestion, task_id=process_and_insert_to_db, run_id=scheduled__2021-01-02T06:00:00+00:00, execution_date=20210102T060000, start_date=20250201T202732, end_date=20250201T202951
[2025-02-01T20:29:51.657+0000] {local_task_job_runner.py:266} INFO - Task exited with return code 0
[2025-02-01T20:29:51.674+0000] {taskinstance.py:3895} INFO - 0 downstream tasks scheduled from follow-on schedule check
[2025-02-01T20:29:51.677+0000] {local_task_job_runner.py:245} INFO - ::endgroup::
