[2025-04-07T19:51:07.846+0000] {local_task_job_runner.py:123} INFO - ::group::Pre task execution logs
[2025-04-07T19:51:07.868+0000] {taskinstance.py:2613} INFO - Dependencies all met for dep_context=non-requeueable deps ti=<TaskInstance: GCP_ingestion_green.create_temp_table scheduled__2019-10-02T06:00:00+00:00 [queued]>
[2025-04-07T19:51:07.881+0000] {taskinstance.py:2613} INFO - Dependencies all met for dep_context=requeueable deps ti=<TaskInstance: GCP_ingestion_green.create_temp_table scheduled__2019-10-02T06:00:00+00:00 [queued]>
[2025-04-07T19:51:07.882+0000] {taskinstance.py:2866} INFO - Starting attempt 1 of 4
[2025-04-07T19:51:07.899+0000] {taskinstance.py:2889} INFO - Executing <Task(BigQueryInsertJobOperator): create_temp_table> on 2019-10-02 06:00:00+00:00
[2025-04-07T19:51:07.909+0000] {standard_task_runner.py:72} INFO - Started process 2694 to run task
[2025-04-07T19:51:07.912+0000] {standard_task_runner.py:104} INFO - Running: ['***', 'tasks', 'run', 'GCP_ingestion_green', 'create_temp_table', 'scheduled__2019-10-02T06:00:00+00:00', '--job-id', '128', '--raw', '--subdir', 'DAGS_FOLDER/data_ingestion_gcp_green.py', '--cfg-path', '/tmp/tmpleyd21uf']
[2025-04-07T19:51:07.916+0000] {standard_task_runner.py:105} INFO - Job 128: Subtask create_temp_table
[2025-04-07T19:51:07.977+0000] {task_command.py:467} INFO - Running <TaskInstance: GCP_ingestion_green.create_temp_table scheduled__2019-10-02T06:00:00+00:00 [running]> on host ca240955ca52
[2025-04-07T19:51:08.400+0000] {taskinstance.py:3132} INFO - Exporting env vars: AIRFLOW_CTX_DAG_OWNER='***' AIRFLOW_CTX_DAG_ID='GCP_ingestion_green' AIRFLOW_CTX_TASK_ID='create_temp_table' AIRFLOW_CTX_EXECUTION_DATE='2019-10-02T06:00:00+00:00' AIRFLOW_CTX_TRY_NUMBER='1' AIRFLOW_CTX_DAG_RUN_ID='scheduled__2019-10-02T06:00:00+00:00'
[2025-04-07T19:51:08.403+0000] {taskinstance.py:731} INFO - ::endgroup::
[2025-04-07T19:51:08.440+0000] {connection.py:277} WARNING - Connection schemes (type: google_cloud_platform) shall not contain '_' according to RFC3986.
[2025-04-07T19:51:08.446+0000] {base.py:84} INFO - Retrieving connection 'gcp-***'
[2025-04-07T19:51:08.502+0000] {bigquery.py:2959} INFO - Executing: {'query': {'query': '\n                CREATE OR REPLACE TABLE `zoomcamp-***-456109.ny_taxi_data.green_taxi_2019_10_tmp`\n                AS\n                SELECT\n                    MD5(CONCAT(\n                        COALESCE(CAST(VendorID AS STRING), ""),\n                        COALESCE(CAST(lpep_pickup_datetime AS STRING), ""),\n                        COALESCE(CAST(lpep_dropoff_datetime AS STRING), ""),\n                        COALESCE(CAST(PULocationID AS STRING), ""),\n                        COALESCE(CAST(DOLocationID AS STRING), "")\n                    )) AS unique_row_id,\n                    "output_2019_10.parquet" AS filename,\n                    *\n                FROM `zoomcamp-***-456109.ny_taxi_data.green_taxi_2019_10_ext`;\n            ', 'useLegacySql': False}}'
[2025-04-07T19:51:08.504+0000] {bigquery.py:1699} INFO - Inserting job ***_GCP_ingestion_green_create_temp_table_2019_10_02T06_00_00_00_00_2e96dedb336d6223fb54c0a9571ed9c7
[2025-04-07T19:51:14.661+0000] {taskinstance.py:340} INFO - ::group::Post task execution logs
[2025-04-07T19:51:14.661+0000] {taskinstance.py:352} INFO - Marking task as SUCCESS. dag_id=GCP_ingestion_green, task_id=create_temp_table, run_id=scheduled__2019-10-02T06:00:00+00:00, execution_date=20191002T060000, start_date=20250407T195107, end_date=20250407T195114
[2025-04-07T19:51:14.723+0000] {local_task_job_runner.py:266} INFO - Task exited with return code 0
[2025-04-07T19:51:14.754+0000] {taskinstance.py:3895} INFO - 1 downstream tasks scheduled from follow-on schedule check
[2025-04-07T19:51:14.757+0000] {local_task_job_runner.py:245} INFO - ::endgroup::
