[2025-04-07T19:48:57.876+0000] {local_task_job_runner.py:123} INFO - ::group::Pre task execution logs
[2025-04-07T19:48:57.897+0000] {taskinstance.py:2613} INFO - Dependencies all met for dep_context=non-requeueable deps ti=<TaskInstance: GCP_ingestion_green.upload_to_gcs scheduled__2019-07-02T06:00:00+00:00 [queued]>
[2025-04-07T19:48:57.910+0000] {taskinstance.py:2613} INFO - Dependencies all met for dep_context=requeueable deps ti=<TaskInstance: GCP_ingestion_green.upload_to_gcs scheduled__2019-07-02T06:00:00+00:00 [queued]>
[2025-04-07T19:48:57.911+0000] {taskinstance.py:2866} INFO - Starting attempt 1 of 11
[2025-04-07T19:48:57.362+0000] {taskinstance.py:2889} INFO - Executing <Task(PythonOperator): upload_to_gcs> on 2019-07-02 06:00:00+00:00
[2025-04-07T19:48:57.373+0000] {standard_task_runner.py:72} INFO - Started process 2458 to run task
[2025-04-07T19:48:57.377+0000] {standard_task_runner.py:104} INFO - Running: ['***', 'tasks', 'run', 'GCP_ingestion_green', 'upload_to_gcs', 'scheduled__2019-07-02T06:00:00+00:00', '--job-id', '101', '--raw', '--subdir', 'DAGS_FOLDER/data_ingestion_gcp_green.py', '--cfg-path', '/tmp/tmp6pyhlnrn']
[2025-04-07T19:48:57.380+0000] {standard_task_runner.py:105} INFO - Job 101: Subtask upload_to_gcs
[2025-04-07T19:48:56.734+0000] {task_command.py:467} INFO - Running <TaskInstance: GCP_ingestion_green.upload_to_gcs scheduled__2019-07-02T06:00:00+00:00 [running]> on host ca240955ca52
[2025-04-07T19:48:57.083+0000] {taskinstance.py:3132} INFO - Exporting env vars: AIRFLOW_CTX_DAG_OWNER='***' AIRFLOW_CTX_DAG_ID='GCP_ingestion_green' AIRFLOW_CTX_TASK_ID='upload_to_gcs' AIRFLOW_CTX_EXECUTION_DATE='2019-07-02T06:00:00+00:00' AIRFLOW_CTX_TRY_NUMBER='1' AIRFLOW_CTX_DAG_RUN_ID='scheduled__2019-07-02T06:00:00+00:00'
[2025-04-07T19:48:57.084+0000] {taskinstance.py:731} INFO - ::endgroup::
[2025-04-07T19:48:57.107+0000] {connection.py:277} WARNING - Connection schemes (type: google_cloud_platform) shall not contain '_' according to RFC3986.
[2025-04-07T19:48:57.113+0000] {base.py:84} INFO - Retrieving connection 'gcp-***'
[2025-04-07T19:49:00.298+0000] {gcs.py:560} INFO - File /opt/***/output_2019_07.parquet uploaded to raw/output_2019_07.parquet in zoomcamp-data-lake-jivago-2025 bucket
[2025-04-07T19:49:00.299+0000] {python.py:240} INFO - Done. Returned value was: None
[2025-04-07T19:49:00.311+0000] {taskinstance.py:340} INFO - ::group::Post task execution logs
[2025-04-07T19:49:00.311+0000] {taskinstance.py:352} INFO - Marking task as SUCCESS. dag_id=GCP_ingestion_green, task_id=upload_to_gcs, run_id=scheduled__2019-07-02T06:00:00+00:00, execution_date=20190702T060000, start_date=20250407T194857, end_date=20250407T194900
[2025-04-07T19:49:00.351+0000] {local_task_job_runner.py:266} INFO - Task exited with return code 0
[2025-04-07T19:49:00.392+0000] {taskinstance.py:3895} INFO - 1 downstream tasks scheduled from follow-on schedule check
[2025-04-07T19:49:00.395+0000] {local_task_job_runner.py:245} INFO - ::endgroup::
