[2025-04-07T19:50:26.307+0000] {local_task_job_runner.py:123} INFO - ::group::Pre task execution logs
[2025-04-07T19:50:26.329+0000] {taskinstance.py:2613} INFO - Dependencies all met for dep_context=non-requeueable deps ti=<TaskInstance: GCP_ingestion_green.create_temp_table scheduled__2019-09-02T06:00:00+00:00 [queued]>
[2025-04-07T19:50:26.342+0000] {taskinstance.py:2613} INFO - Dependencies all met for dep_context=requeueable deps ti=<TaskInstance: GCP_ingestion_green.create_temp_table scheduled__2019-09-02T06:00:00+00:00 [queued]>
[2025-04-07T19:50:26.343+0000] {taskinstance.py:2866} INFO - Starting attempt 1 of 4
[2025-04-07T19:50:26.362+0000] {taskinstance.py:2889} INFO - Executing <Task(BigQueryInsertJobOperator): create_temp_table> on 2019-09-02 06:00:00+00:00
[2025-04-07T19:50:26.372+0000] {standard_task_runner.py:72} INFO - Started process 2611 to run task
[2025-04-07T19:50:26.376+0000] {standard_task_runner.py:104} INFO - Running: ['***', 'tasks', 'run', 'GCP_ingestion_green', 'create_temp_table', 'scheduled__2019-09-02T06:00:00+00:00', '--job-id', '120', '--raw', '--subdir', 'DAGS_FOLDER/data_ingestion_gcp_green.py', '--cfg-path', '/tmp/tmpdork0ing']
[2025-04-07T19:50:26.378+0000] {standard_task_runner.py:105} INFO - Job 120: Subtask create_temp_table
[2025-04-07T19:50:26.436+0000] {task_command.py:467} INFO - Running <TaskInstance: GCP_ingestion_green.create_temp_table scheduled__2019-09-02T06:00:00+00:00 [running]> on host ca240955ca52
[2025-04-07T19:50:26.759+0000] {taskinstance.py:3132} INFO - Exporting env vars: AIRFLOW_CTX_DAG_OWNER='***' AIRFLOW_CTX_DAG_ID='GCP_ingestion_green' AIRFLOW_CTX_TASK_ID='create_temp_table' AIRFLOW_CTX_EXECUTION_DATE='2019-09-02T06:00:00+00:00' AIRFLOW_CTX_TRY_NUMBER='1' AIRFLOW_CTX_DAG_RUN_ID='scheduled__2019-09-02T06:00:00+00:00'
[2025-04-07T19:50:26.761+0000] {taskinstance.py:731} INFO - ::endgroup::
[2025-04-07T19:50:26.791+0000] {connection.py:277} WARNING - Connection schemes (type: google_cloud_platform) shall not contain '_' according to RFC3986.
[2025-04-07T19:50:26.803+0000] {base.py:84} INFO - Retrieving connection 'gcp-***'
[2025-04-07T19:50:26.851+0000] {bigquery.py:2959} INFO - Executing: {'query': {'query': '\n                CREATE OR REPLACE TABLE `zoomcamp-***-456109.ny_taxi_data.green_taxi_2019_09_tmp`\n                AS\n                SELECT\n                    MD5(CONCAT(\n                        COALESCE(CAST(VendorID AS STRING), ""),\n                        COALESCE(CAST(lpep_pickup_datetime AS STRING), ""),\n                        COALESCE(CAST(lpep_dropoff_datetime AS STRING), ""),\n                        COALESCE(CAST(PULocationID AS STRING), ""),\n                        COALESCE(CAST(DOLocationID AS STRING), "")\n                    )) AS unique_row_id,\n                    "output_2019_09.parquet" AS filename,\n                    *\n                FROM `zoomcamp-***-456109.ny_taxi_data.green_taxi_2019_09_ext`;\n            ', 'useLegacySql': False}}'
[2025-04-07T19:50:26.853+0000] {bigquery.py:1699} INFO - Inserting job ***_GCP_ingestion_green_create_temp_table_2019_09_02T06_00_00_00_00_f3ff0ec22fbaaf4ce10e8c09c07da0a9
[2025-04-07T19:50:32.767+0000] {taskinstance.py:340} INFO - ::group::Post task execution logs
[2025-04-07T19:50:32.768+0000] {taskinstance.py:352} INFO - Marking task as SUCCESS. dag_id=GCP_ingestion_green, task_id=create_temp_table, run_id=scheduled__2019-09-02T06:00:00+00:00, execution_date=20190902T060000, start_date=20250407T195026, end_date=20250407T195032
[2025-04-07T19:50:32.827+0000] {local_task_job_runner.py:266} INFO - Task exited with return code 0
[2025-04-07T19:50:32.859+0000] {taskinstance.py:3895} INFO - 1 downstream tasks scheduled from follow-on schedule check
[2025-04-07T19:50:32.861+0000] {local_task_job_runner.py:245} INFO - ::endgroup::
