[2025-04-07T19:50:16.504+0000] {local_task_job_runner.py:123} INFO - ::group::Pre task execution logs
[2025-04-07T19:50:16.527+0000] {taskinstance.py:2613} INFO - Dependencies all met for dep_context=non-requeueable deps ti=<TaskInstance: GCP_ingestion_green.upload_to_gcs scheduled__2019-09-02T06:00:00+00:00 [queued]>
[2025-04-07T19:50:16.540+0000] {taskinstance.py:2613} INFO - Dependencies all met for dep_context=requeueable deps ti=<TaskInstance: GCP_ingestion_green.upload_to_gcs scheduled__2019-09-02T06:00:00+00:00 [queued]>
[2025-04-07T19:50:16.541+0000] {taskinstance.py:2866} INFO - Starting attempt 1 of 11
[2025-04-07T19:50:16.559+0000] {taskinstance.py:2889} INFO - Executing <Task(PythonOperator): upload_to_gcs> on 2019-09-02 06:00:00+00:00
[2025-04-07T19:50:16.569+0000] {standard_task_runner.py:72} INFO - Started process 2599 to run task
[2025-04-07T19:50:16.575+0000] {standard_task_runner.py:104} INFO - Running: ['***', 'tasks', 'run', 'GCP_ingestion_green', 'upload_to_gcs', 'scheduled__2019-09-02T06:00:00+00:00', '--job-id', '117', '--raw', '--subdir', 'DAGS_FOLDER/data_ingestion_gcp_green.py', '--cfg-path', '/tmp/tmpa1ydr02z']
[2025-04-07T19:50:16.578+0000] {standard_task_runner.py:105} INFO - Job 117: Subtask upload_to_gcs
[2025-04-07T19:50:16.644+0000] {task_command.py:467} INFO - Running <TaskInstance: GCP_ingestion_green.upload_to_gcs scheduled__2019-09-02T06:00:00+00:00 [running]> on host ca240955ca52
[2025-04-07T19:50:16.961+0000] {taskinstance.py:3132} INFO - Exporting env vars: AIRFLOW_CTX_DAG_OWNER='***' AIRFLOW_CTX_DAG_ID='GCP_ingestion_green' AIRFLOW_CTX_TASK_ID='upload_to_gcs' AIRFLOW_CTX_EXECUTION_DATE='2019-09-02T06:00:00+00:00' AIRFLOW_CTX_TRY_NUMBER='1' AIRFLOW_CTX_DAG_RUN_ID='scheduled__2019-09-02T06:00:00+00:00'
[2025-04-07T19:50:16.963+0000] {taskinstance.py:731} INFO - ::endgroup::
[2025-04-07T19:50:16.986+0000] {connection.py:277} WARNING - Connection schemes (type: google_cloud_platform) shall not contain '_' according to RFC3986.
[2025-04-07T19:50:16.991+0000] {base.py:84} INFO - Retrieving connection 'gcp-***'
[2025-04-07T19:50:20.025+0000] {gcs.py:560} INFO - File /opt/***/output_2019_09.parquet uploaded to raw/output_2019_09.parquet in zoomcamp-data-lake-jivago-2025 bucket
[2025-04-07T19:50:20.026+0000] {python.py:240} INFO - Done. Returned value was: None
[2025-04-07T19:50:20.041+0000] {taskinstance.py:340} INFO - ::group::Post task execution logs
[2025-04-07T19:50:20.041+0000] {taskinstance.py:352} INFO - Marking task as SUCCESS. dag_id=GCP_ingestion_green, task_id=upload_to_gcs, run_id=scheduled__2019-09-02T06:00:00+00:00, execution_date=20190902T060000, start_date=20250407T195016, end_date=20250407T195020
[2025-04-07T19:50:20.117+0000] {local_task_job_runner.py:266} INFO - Task exited with return code 0
[2025-04-07T19:50:20.152+0000] {taskinstance.py:3895} INFO - 1 downstream tasks scheduled from follow-on schedule check
[2025-04-07T19:50:20.155+0000] {local_task_job_runner.py:245} INFO - ::endgroup::
